Log: C:/Users/schad_000/AppData
Start Date: 4/30/2014 7:03:32 PM

4/30/2014 7:03:36 PM
Directory Deleted: Local\Google\Chrome\User Data\Default\Cache\f_0012b5
Path: C:/Users/schad_000/AppData\Local\Google\Chrome\User Data\Default\Cache\f_0012b5

4/30/2014 7:03:36 PM
Directory Changed: Local\Google\Chrome\User Data\Default\Cache
Path: C:/Users/schad_000/AppData\Local\Google\Chrome\User Data\Default\Cache

4/30/2014 7:03:36 PM
Directory Created: Local\Google\Chrome\User Data\Default\Cache\f_0012bb
Path: C:/Users/schad_000/AppData\Local\Google\Chrome\User Data\Default\Cache\f_0012bb

4/30/2014 7:03:36 PM
Directory Changed: Local\Google\Chrome\User Data\Default\Cache
Path: C:/Users/schad_000/AppData\Local\Google\Chrome\User Data\Default\Cache

4/30/2014 7:03:36 PM
Directory Changed: Local\Google\Chrome\User Data\Default\Cache\f_0012bb
Path: C:/Users/schad_000/AppData\Local\Google\Chrome\User Data\Default\Cache\f_0012bb

4/30/2014 7:03:36 PM
Directory Changed: Local\Google\Chrome\User Data\Default\Cache\f_0012bb
Path: C:/Users/schad_000/AppData\Local\Google\Chrome\User Data\Default\Cache\f_0012bb

4/30/2014 7:03:37 PM
File Changed: Local\Google\Chrome\User Data\Default\Local Storage\chrome-extension_mgijmajocgfcbeboacabfgobmjgjcoja_0.localstorage-journal
Path: C:/Users/schad_000/AppData\Local\Google\Chrome\User Data\Default\Local Storage\chrome-extension_mgijmajocgfcbeboacabfgobmjgjcoja_0.localstorage-journal

4/30/2014 7:03:37 PM
File Changed: Local\Google\Chrome\User Data\Default\Local Storage\chrome-extension_mgijmajocgfcbeboacabfgobmjgjcoja_0.localstorage-journal
Path: C:/Users/schad_000/AppData\Local\Google\Chrome\User Data\Default\Local Storage\chrome-extension_mgijmajocgfcbeboacabfgobmjgjcoja_0.localstorage-journal

4/30/2014 7:03:37 PM
File Changed: Local\Google\Chrome\User Data\Default\Local Storage\chrome-extension_mgijmajocgfcbeboacabfgobmjgjcoja_0.localstorage
Path: C:/Users/schad_000/AppData\Local\Google\Chrome\User Data\Default\Local Storage\chrome-extension_mgijmajocgfcbeboacabfgobmjgjcoja_0.localstorage

4/30/2014 7:03:37 PM
File Changed: Local\Google\Chrome\User Data\Default\Local Storage\chrome-extension_mgijmajocgfcbeboacabfgobmjgjcoja_0.localstorage-journal
Path: C:/Users/schad_000/AppData\Local\Google\Chrome\User Data\Default\Local Storage\chrome-extension_mgijmajocgfcbeboacabfgobmjgjcoja_0.localstorage-journal

4/30/2014 7:03:45 PM
File Created: Local\Google\Chrome\User Data\61E.tmp
Path: C:/Users/schad_000/AppData\Local\Google\Chrome\User Data\61E.tmp

4/30/2014 7:03:45 PM
Directory Changed: Local\Google\Chrome\User Data
Path: C:/Users/schad_000/AppData\Local\Google\Chrome\User Data

4/30/2014 7:03:45 PM
File Changed: Local\Google\Chrome\User Data\61E.tmp
Path: C:/Users/schad_000/AppData\Local\Google\Chrome\User Data\61E.tmp

4/30/2014 7:03:45 PM
File Created: Local\Google\Chrome\User Data\Local State~RF190805ac.TMP
Path: C:/Users/schad_000/AppData\Local\Google\Chrome\User Data\Local State~RF190805ac.TMP

4/30/2014 7:03:45 PM
Directory Changed: Local\Google\Chrome\User Data
Path: C:/Users/schad_000/AppData\Local\Google\Chrome\User Data

4/30/2014 7:03:45 PM
Directory Deleted: Local\Google\Chrome\User Data\Local State
Path: C:/Users/schad_000/AppData\Local\Google\Chrome\User Data\Local State

4/30/2014 7:03:45 PM
File Changed: Local\Google\Chrome\User Data\Local State~RF190805ac.TMP
Path: C:/Users/schad_000/AppData\Local\Google\Chrome\User Data\Local State~RF190805ac.TMP

4/30/2014 7:03:45 PM
Directory Changed: Local\Google\Chrome\User Data
Path: C:/Users/schad_000/AppData\Local\Google\Chrome\User Data

4/30/2014 7:03:45 PM
Directory Changed: Local\Google\Chrome\User Data
Path: C:/Users/schad_000/AppData\Local\Google\Chrome\User Data

4/30/2014 7:03:45 PM
File Deleted: Local\Google\Chrome\User Data\Local State~RF190805ac.TMP
Path: C:/Users/schad_000/AppData\Local\Google\Chrome\User Data\Local State~RF190805ac.TMP

4/30/2014 7:03:45 PM
Directory Renamed: Local\Google\Chrome\User Data\61E.tmp to Local\Google\Chrome\User Data\Local State
Path: C:/Users/schad_000/AppData\Local\Google\Chrome\User Data\Local State

4/30/2014 7:03:46 PM
Directory Changed: Local\Google\Chrome\User Data
Path: C:/Users/schad_000/AppData\Local\Google\Chrome\User Data

4/30/2014 7:03:46 PM
File Created: Local\Google\Chrome\User Data\Default\AD2.tmp
Path: C:/Users/schad_000/AppData\Local\Google\Chrome\User Data\Default\AD2.tmp

4/30/2014 7:03:46 PM
Directory Changed: Local\Google\Chrome\User Data\Default
Path: C:/Users/schad_000/AppData\Local\Google\Chrome\User Data\Default

4/30/2014 7:03:46 PM
File Changed: Local\Google\Chrome\User Data\Default\AD2.tmp
Path: C:/Users/schad_000/AppData\Local\Google\Chrome\User Data\Default\AD2.tmp

4/30/2014 7:03:46 PM
File Created: Local\Google\Chrome\User Data\Default\TransportSecurity~RF19080a5f.TMP
Path: C:/Users/schad_000/AppData\Local\Google\Chrome\User Data\Default\TransportSecurity~RF19080a5f.TMP

4/30/2014 7:03:46 PM
Directory Changed: Local\Google\Chrome\User Data\Default
Path: C:/Users/schad_000/AppData\Local\Google\Chrome\User Data\Default

4/30/2014 7:03:46 PM
File Changed: Local\Google\Chrome\User Data\Default\TransportSecurity~RF19080a5f.TMP
Path: C:/Users/schad_000/AppData\Local\Google\Chrome\User Data\Default\TransportSecurity~RF19080a5f.TMP

4/30/2014 7:03:46 PM
Directory Deleted: Local\Google\Chrome\User Data\Default\TransportSecurity
Path: C:/Users/schad_000/AppData\Local\Google\Chrome\User Data\Default\TransportSecurity

4/30/2014 7:03:46 PM
Directory Changed: Local\Google\Chrome\User Data\Default
Path: C:/Users/schad_000/AppData\Local\Google\Chrome\User Data\Default

4/30/2014 7:03:46 PM
Directory Changed: Local\Google\Chrome\User Data\Default
Path: C:/Users/schad_000/AppData\Local\Google\Chrome\User Data\Default

4/30/2014 7:03:46 PM
File Deleted: Local\Google\Chrome\User Data\Default\TransportSecurity~RF19080a5f.TMP
Path: C:/Users/schad_000/AppData\Local\Google\Chrome\User Data\Default\TransportSecurity~RF19080a5f.TMP

4/30/2014 7:03:46 PM
Directory Renamed: Local\Google\Chrome\User Data\Default\AD2.tmp to Local\Google\Chrome\User Data\Default\TransportSecurity
Path: C:/Users/schad_000/AppData\Local\Google\Chrome\User Data\Default\TransportSecurity

4/30/2014 7:03:46 PM
Directory Changed: Local\Google\Chrome\User Data\Default
Path: C:/Users/schad_000/AppData\Local\Google\Chrome\User Data\Default

4/30/2014 7:03:46 PM
File Created: Local\Google\Chrome\User Data\Default\C2B.tmp
Path: C:/Users/schad_000/AppData\Local\Google\Chrome\User Data\Default\C2B.tmp

4/30/2014 7:03:46 PM
Directory Changed: Local\Google\Chrome\User Data\Default
Path: C:/Users/schad_000/AppData\Local\Google\Chrome\User Data\Default

4/30/2014 7:03:46 PM
File Changed: Local\Google\Chrome\User Data\Default\C2B.tmp
Path: C:/Users/schad_000/AppData\Local\Google\Chrome\User Data\Default\C2B.tmp

4/30/2014 7:03:46 PM
File Created: Local\Google\Chrome\User Data\Default\Preferences~RF19080ba7.TMP
Path: C:/Users/schad_000/AppData\Local\Google\Chrome\User Data\Default\Preferences~RF19080ba7.TMP

4/30/2014 7:03:46 PM
Directory Changed: Local\Google\Chrome\User Data\Default
Path: C:/Users/schad_000/AppData\Local\Google\Chrome\User Data\Default

4/30/2014 7:03:46 PM
Directory Deleted: Local\Google\Chrome\User Data\Default\Preferences
Path: C:/Users/schad_000/AppData\Local\Google\Chrome\User Data\Default\Preferences

4/30/2014 7:03:46 PM
Directory Changed: Local\Google\Chrome\User Data\Default
Path: C:/Users/schad_000/AppData\Local\Google\Chrome\User Data\Default

4/30/2014 7:03:46 PM
File Changed: Local\Google\Chrome\User Data\Default\Preferences~RF19080ba7.TMP
Path: C:/Users/schad_000/AppData\Local\Google\Chrome\User Data\Default\Preferences~RF19080ba7.TMP

4/30/2014 7:03:46 PM
Directory Renamed: Local\Google\Chrome\User Data\Default\C2B.tmp to Local\Google\Chrome\User Data\Default\Preferences
Path: C:/Users/schad_000/AppData\Local\Google\Chrome\User Data\Default\Preferences

4/30/2014 7:03:46 PM
Directory Changed: Local\Google\Chrome\User Data\Default
Path: C:/Users/schad_000/AppData\Local\Google\Chrome\User Data\Default

4/30/2014 7:03:46 PM
File Deleted: Local\Google\Chrome\User Data\Default\Preferences~RF19080ba7.TMP
Path: C:/Users/schad_000/AppData\Local\Google\Chrome\User Data\Default\Preferences~RF19080ba7.TMP

4/30/2014 7:04:00 PM
Directory Changed: Local\Google\Chrome\User Data\Default
Path: C:/Users/schad_000/AppData\Local\Google\Chrome\User Data\Default

4/30/2014 7:04:00 PM
Directory Created: Local\Temp\etilqs_nWMmRh7KcgJBgOR
Path: C:/Users/schad_000/AppData\Local\Temp\etilqs_nWMmRh7KcgJBgOR

4/30/2014 7:04:00 PM
Directory Changed: Local\Google\Chrome\User Data\Default\Cookies-journal
Path: C:/Users/schad_000/AppData\Local\Google\Chrome\User Data\Default\Cookies-journal

4/30/2014 7:04:01 PM
Directory Changed: Local\Google\Chrome\User Data\Default\Cookies-journal
Path: C:/Users/schad_000/AppData\Local\Google\Chrome\User Data\Default\Cookies-journal

4/30/2014 7:04:01 PM
Directory Changed: Local\Google\Chrome\User Data\Default\Cookies
Path: C:/Users/schad_000/AppData\Local\Google\Chrome\User Data\Default\Cookies

4/30/2014 7:04:01 PM
Directory Deleted: Local\Temp\etilqs_nWMmRh7KcgJBgOR
Path: C:/Users/schad_000/AppData\Local\Temp\etilqs_nWMmRh7KcgJBgOR

4/30/2014 7:04:01 PM
Directory Changed: Local\Google\Chrome\User Data\Default\Cookies-journal
Path: C:/Users/schad_000/AppData\Local\Google\Chrome\User Data\Default\Cookies-journal

Log End Date: 4/30/2014 7:04:07 PM



Log End Date: 4/30/2014 7:04:12 PM



